<?xml version="1.0" encoding="UTF-8"?>
<!-- Generated by org.testng.reporters.JUnitReportReporter -->
<testsuite hostname="Pritam-HP-Laptop" failures="0" tests="3" name="cucumberOption.TestRunner" time="34.204" errors="0" timestamp="2022-06-23T16:42:59 IST" skipped="0">
  <testcase classname="cucumberOption.TestRunner" name="scenario" time="9.732"/>
  <system-out/>
  <testcase classname="cucumberOption.TestRunner" name="scenario" time="10.535"/>
  <system-out/>
  <testcase classname="cucumberOption.TestRunner" name="scenario" time="13.937"/>
  <system-out/>
</testsuite> <!-- cucumberOption.TestRunner -->
